[debug] [2023-02-04T14:23:45.655Z] ----------------------------------------------------------------------
[debug] [2023-02-04T14:23:45.657Z] Command:       C:\Program Files\nodejs\node.exe C:\Users\imran\AppData\Roaming\npm\node_modules\firebase-tools\lib\bin\firebase.js init
[debug] [2023-02-04T14:23:45.658Z] CLI Version:   11.22.0
[debug] [2023-02-04T14:23:45.658Z] Platform:      win32
[debug] [2023-02-04T14:23:45.658Z] Node Version:  v16.17.1
[debug] [2023-02-04T14:23:45.659Z] Time:          Sat Feb 04 2023 20:23:45 GMT+0600 (Bangladesh Standard Time)
[debug] [2023-02-04T14:23:45.659Z] ----------------------------------------------------------------------
[debug] 
[debug] [2023-02-04T14:23:45.667Z] > command requires scopes: ["email","openid","https://www.googleapis.com/auth/cloudplatformprojects.readonly","https://www.googleapis.com/auth/firebase","https://www.googleapis.com/auth/cloud-platform"]
[debug] [2023-02-04T14:23:45.667Z] > authorizing via signed-in user (imranmarin1990@gmail.com)
[info] 
     ######## #### ########  ######## ########     ###     ######  ########
     ##        ##  ##     ## ##       ##     ##  ##   ##  ##       ##
     ######    ##  ########  ######   ########  #########  ######  ######
     ##        ##  ##    ##  ##       ##     ## ##     ##       ## ##
     ##       #### ##     ## ######## ########  ##     ##  ######  ########

You're about to initialize a Firebase project in this directory:

  C:\projects\eco.bd

Before we get started, keep in mind:

  * You are currently outside your home directory

